2021-05-13 11:43:56,068 :INFO :Test_004_Login :****************Test_001_Login*************  
2021-05-13 11:43:56,068 :INFO :Test_004_Login :**************** Started *************  
2021-05-13 11:44:21,539 :INFO :Test_004_Login :*************** Login sucessful *************  
2021-05-13 11:46:53,024 :INFO :Test_004_Login :****************Test_001_Login*************  
2021-05-13 11:46:53,024 :INFO :Test_004_Login :**************** Started *************  
2021-05-13 11:47:15,219 :INFO :Test_004_Login :*************** Login sucessful *************  
2021-05-13 11:50:05,423 :INFO :Test_004_Login :****************Test_001_Login*************  
2021-05-13 11:50:05,423 :INFO :Test_004_Login :**************** Started *************  
2021-05-13 11:50:25,554 :INFO :Test_004_Login :*************** Login sucessful *************  
2021-05-13 11:54:53,281 :INFO :Test_004_Login :****************Test_001_Login*************  
2021-05-13 11:54:53,281 :INFO :Test_004_Login :**************** Started *************  
2021-05-13 11:55:13,100 :INFO :Test_004_Login :*************** Login sucessful *************  
2021-05-13 11:59:31,177 :INFO :Test_004_Login :****************Test_001_Login*************  
2021-05-13 11:59:31,185 :INFO :Test_004_Login :**************** Started *************  
2021-05-13 11:59:52,963 :INFO :Test_004_Login :*************** Login sucessful *************  
2021-05-13 12:04:07,663 :INFO :Test_004_Login :****************Test_001_Login*************  
2021-05-13 12:04:07,663 :INFO :Test_004_Login :**************** Started *************  
2021-05-13 12:04:28,265 :INFO :Test_004_Login :*************** Login sucessful *************  
2021-05-13 14:19:07,044 :INFO :Test_004_Login :****************Test_001_Login*************  
2021-05-13 14:19:07,045 :INFO :Test_004_Login :**************** Started *************  
2021-05-13 14:19:27,286 :INFO :Test_004_Login :*************** Login sucessful *************  
2021-05-13 14:39:48,936 :INFO :Test_004_Login :****************Test_001_Login*************  
2021-05-13 14:39:48,937 :INFO :Test_004_Login :**************** Started *************  
2021-05-13 14:40:10,276 :INFO :Test_004_Login :*************** Login sucessful *************  
2021-05-13 14:45:53,048 :INFO :Test_004_Login :****************Test_001_Login*************  
2021-05-13 14:45:53,049 :INFO :Test_004_Login :**************** Started *************  
2021-05-13 14:46:13,883 :INFO :Test_004_Login :*************** Login sucessful *************  
2021-05-13 14:48:11,081 :INFO :Test_004_Login :****************Test_001_Login*************  
2021-05-13 14:48:11,081 :INFO :Test_004_Login :**************** Started *************  
2021-05-13 14:48:28,437 :INFO :Test_004_Login :*************** Login sucessful *************  
2021-05-13 14:52:15,540 :INFO :Test_004_Login :****************Test_001_Login*************  
2021-05-13 14:52:15,612 :INFO :Test_004_Login :**************** Started *************  
2021-05-13 14:52:34,999 :INFO :Test_004_Login :*************** Login sucessful *************  
2021-05-13 14:58:43,468 :INFO :Test_004_Login :****************Test_001_Login*************  
2021-05-13 14:58:43,469 :INFO :Test_004_Login :**************** Started *************  
2021-05-13 14:59:00,955 :INFO :Test_004_Login :*************** Login sucessful *************  
2021-05-13 15:04:34,187 :INFO :Test_004_Login :****************Test_001_Login*************  
2021-05-13 15:04:34,188 :INFO :Test_004_Login :**************** Started *************  
2021-05-13 15:04:53,877 :INFO :Test_004_Login :*************** Login sucessful *************  
2021-05-13 15:08:38,287 :INFO :Test_004_Login :****************Test_001_Login*************  
2021-05-13 15:08:38,287 :INFO :Test_004_Login :**************** Started *************  
2021-05-13 15:08:58,043 :INFO :Test_004_Login :*************** Login sucessful *************  
2021-05-13 15:12:42,801 :INFO :Test_004_Login :****************Test_001_Login*************  
2021-05-13 15:12:42,802 :INFO :Test_004_Login :**************** Started *************  
2021-05-13 15:13:03,521 :INFO :Test_004_Login :*************** Login sucessful *************  
2021-05-13 15:14:38,414 :INFO :Test_004_Login :****************Test_001_Login*************  
2021-05-13 15:14:38,414 :INFO :Test_004_Login :**************** Started *************  
2021-05-13 15:14:58,358 :INFO :Test_004_Login :*************** Login sucessful *************  
2021-05-13 15:17:08,772 :INFO :Test_004_Login :****************Test_001_Login*************  
2021-05-13 15:17:08,772 :INFO :Test_004_Login :**************** Started *************  
2021-05-13 15:17:28,955 :INFO :Test_004_Login :*************** Login sucessful *************  
2021-05-13 15:18:23,243 :INFO :Test_004_Login :****************Test_001_Login*************  
2021-05-13 15:18:23,243 :INFO :Test_004_Login :**************** Started *************  
2021-05-13 15:19:21,634 :INFO :Test_004_Login :*************** Login sucessful *************  
2021-05-13 15:21:54,752 :INFO :Test_004_Login :****************Test_001_Login*************  
2021-05-13 15:21:54,752 :INFO :Test_004_Login :**************** Started *************  
2021-05-13 15:22:15,854 :INFO :Test_004_Login :*************** Login sucessful *************  
2021-05-13 15:25:58,226 :INFO :Test_004_Login :****************Test_001_Login*************  
2021-05-13 15:25:58,226 :INFO :Test_004_Login :**************** Started *************  
2021-05-13 15:26:20,320 :INFO :Test_004_Login :*************** Login sucessful *************  
2021-05-13 15:35:30,636 :INFO :Test_004_Login :****************Test_001_Login*************  
2021-05-13 15:35:30,636 :INFO :Test_004_Login :**************** Started *************  
2021-05-13 15:35:49,547 :INFO :Test_004_Login :*************** Login sucessful *************  
2021-05-13 15:46:01,590 :INFO :Test_004_Login :****************Test_001_Login*************  
2021-05-13 15:46:01,590 :INFO :Test_004_Login :**************** Started *************  
2021-05-13 15:46:26,055 :INFO :Test_004_Login :*************** Login sucessful *************  
2021-05-13 15:49:31,195 :INFO :Test_004_Login :****************Test_001_Login*************  
2021-05-13 15:49:31,220 :INFO :Test_004_Login :**************** Started *************  
2021-05-13 15:49:51,196 :INFO :Test_004_Login :*************** Login sucessful *************  
2021-05-13 15:55:06,226 :INFO :Test_004_Login :****************Test_001_Login*************  
2021-05-13 15:55:06,227 :INFO :Test_004_Login :**************** Started *************  
2021-05-13 15:55:27,168 :INFO :Test_004_Login :*************** Login sucessful *************  
2021-05-13 15:59:26,186 :INFO :Test_004_Login :****************Test_001_Login*************  
2021-05-13 15:59:26,186 :INFO :Test_004_Login :**************** Started *************  
2021-05-13 15:59:43,974 :INFO :Test_004_Login :*************** Login sucessful *************  
2021-05-13 16:02:54,052 :INFO :Test_004_Login :****************Test_001_Login*************  
2021-05-13 16:02:54,052 :INFO :Test_004_Login :**************** Started *************  
2021-05-13 16:03:13,464 :INFO :Test_004_Login :*************** Login sucessful *************  
2021-05-13 16:33:41,323 :INFO :Test_004_Login :****************Test_001_Login*************  
2021-05-13 16:33:41,377 :INFO :Test_004_Login :**************** Started *************  
2021-05-13 16:34:01,218 :INFO :Test_004_Login :*************** Login sucessful *************  
2021-05-13 16:38:15,202 :INFO :Test_004_Login :****************Test_001_Login*************  
2021-05-13 16:38:15,202 :INFO :Test_004_Login :**************** Started *************  
2021-05-13 16:38:36,922 :INFO :Test_004_Login :*************** Login sucessful *************  
2021-05-13 16:39:30,362 :INFO :Test_004_Login :****************Test_001_Login*************  
2021-05-13 16:39:30,362 :INFO :Test_004_Login :**************** Started *************  
2021-05-13 16:39:50,200 :INFO :Test_004_Login :*************** Login sucessful *************  
2021-05-13 16:48:56,035 :INFO :Test_005_Login :****************Test_001_Login*************  
2021-05-13 16:48:56,035 :INFO :Test_005_Login :**************** Started *************  
2021-05-13 16:49:15,964 :INFO :Test_005_Login :*************** Login sucessful *************  
2021-05-13 16:51:42,193 :INFO :Test_005_Login :****************Test_001_Login*************  
2021-05-13 16:51:42,193 :INFO :Test_005_Login :**************** Started *************  
2021-05-13 16:52:03,190 :INFO :Test_005_Login :*************** Login sucessful *************  
2021-05-13 17:03:59,163 :INFO :Test_005_Login :****************Test_001_Login*************  
2021-05-13 17:03:59,163 :INFO :Test_005_Login :**************** Started *************  
2021-05-13 17:04:23,006 :INFO :Test_005_Login :*************** Login sucessful *************  
2021-05-13 17:30:37,884 :INFO :Test_005_Login :****************Test_001_Login*************  
2021-05-13 17:30:37,885 :INFO :Test_005_Login :**************** Started *************  
2021-05-13 17:30:59,624 :INFO :Test_005_Login :*************** Login sucessful *************  
2021-05-13 17:38:51,482 :INFO :Test_005_Login :****************Test_001_Login*************  
2021-05-13 17:38:51,542 :INFO :Test_005_Login :**************** Started *************  
2021-05-13 17:39:10,434 :INFO :Test_005_Login :*************** Login sucessful *************  
2021-05-13 17:51:14,276 :INFO :Test_005_Login :****************Test_001_Login*************  
2021-05-13 17:51:14,276 :INFO :Test_005_Login :**************** Started *************  
2021-05-13 17:51:34,366 :INFO :Test_005_Login :*************** Login sucessful *************  
2021-05-13 17:51:42,828 :INFO :Test_005_Login :****************Login test is passed *************  
2021-05-13 18:49:37,760 :INFO :Test_001_Login :****************Test_001_Login*************  
2021-05-13 18:49:37,811 :INFO :Test_001_Login :**************** Verifiing home page title *************  
2021-05-13 18:49:40,903 :INFO :Test_001_Login :**************** Verifiing login test *************  
2021-05-13 18:50:25,997 :INFO :Test_001_Login :****************Test_001_Login*************  
2021-05-13 18:50:25,997 :INFO :Test_001_Login :**************** Verifiing home page title *************  
2021-05-13 18:50:29,691 :INFO :Test_001_Login :****************Homepage title test is passed *************  
2021-05-13 18:50:31,094 :INFO :Test_001_Login :**************** Verifiing login test *************  
2021-05-13 18:50:41,381 :INFO :Test_001_Login :****************Login test is passed *************  
2021-05-13 18:54:02,941 :INFO :Test_001_Login :**************** Verifiing login test *************  
2021-05-13 18:54:12,308 :INFO :Test_001_Login :****************Login test is passed *************  
2021-05-13 19:03:29,044 :INFO :Test_001_Login :**************** Verifiing login test *************  
2021-05-13 19:03:41,609 :INFO :Test_001_Login :****************Login test is passed *************  
